\BOOKMARK [1][-]{section.1}{\376\377\000B\000a\000c\000k\000g\000r\000o\000u\000n\000d}{}% 1
\BOOKMARK [1][-]{section.2}{\376\377\000P\000a\000i\000r\000\040\000c\000o\000n\000s\000t\000r\000u\000c\000t\000s\000\040\000a\000n\000d\000\040\000l\000i\000k\000e\000l\000i\000h\000o\000o\000d}{}% 2
\BOOKMARK [1][-]{section.3}{\376\377\000A\000l\000p\000h\000a\000\040\000s\000u\000b\000-\000m\000o\000d\000e\000l\000:\000\040\000r\000i\000c\000h\000n\000e\000s\000s\000\040\000n\000e\000t\000w\000o\000r\000k}{}% 3
\BOOKMARK [2][-]{subsection.3.1}{\376\377\000F\000o\000u\000r\000i\000e\000r\000\040\000p\000o\000s\000i\000t\000i\000o\000n\000a\000l\000\040\000e\000n\000c\000o\000d\000i\000n\000g}{section.3}% 4
\BOOKMARK [2][-]{subsection.3.2}{\376\377\000A\000l\000p\000h\000a\000\040\000l\000o\000w\000e\000r\000-\000b\000o\000u\000n\000d\000\040\000p\000e\000n\000a\000l\000t\000y}{section.3}% 5
\BOOKMARK [1][-]{section.4}{\376\377\000B\000e\000t\000a\000\040\000s\000u\000b\000-\000m\000o\000d\000e\000l\000:\000\040\000m\000o\000n\000o\000t\000o\000n\000e\000\040\000t\000u\000r\000n\000o\000v\000e\000r\000\040\000n\000e\000t\000w\000o\000r\000k}{}% 6
\BOOKMARK [2][-]{subsection.4.1}{\376\377\000T\000M\000B\000\040\000a\000p\000p\000r\000o\000a\000c\000h}{section.4}% 7
\BOOKMARK [2][-]{subsection.4.2}{\376\377\000S\000h\000a\000r\000e\000d\000\040\000b\000u\000i\000l\000d\000i\000n\000g\000\040\000b\000l\000o\000c\000k\000:\000\040\000M\000o\000n\000o\000t\000o\000n\000e\000L\000i\000n\000e\000a\000r\000\040\000l\000a\000y\000e\000r\000s}{section.4}% 8
\BOOKMARK [2][-]{subsection.4.3}{\376\377\000D\000e\000e\000p\000\040\000m\000o\000n\000o\000t\000o\000n\000e\000\040\000n\000e\000t\000w\000o\000r\000k\000\040\000\050\000b\000e\000t\000a\000\137\000t\000y\000p\000e\000=\000`\000`\000d\000e\000e\000p\000'\000'\000\051}{section.4}% 9
\BOOKMARK [2][-]{subsection.4.4}{\376\377\000A\000d\000d\000i\000t\000i\000v\000e\000\040\000m\000o\000n\000o\000t\000o\000n\000e\000\040\000n\000e\000t\000w\000o\000r\000k\000\040\000\050\000b\000e\000t\000a\000\137\000t\000y\000p\000e\000=\000`\000`\000a\000d\000d\000i\000t\000i\000v\000e\000'\000'\000\051}{section.4}% 10
\BOOKMARK [2][-]{subsection.4.5}{\376\377\000F\000a\000c\000t\000o\000r\000e\000d\000\040\000d\000e\000e\000p\000\040\000m\000o\000n\000o\000t\000o\000n\000e\000\040\000n\000e\000t\000w\000o\000r\000k\000\040\000\050\000b\000e\000t\000a\000\137\000t\000y\000p\000e\000=\000`\000`\000f\000a\000c\000t\000o\000r\000e\000d\000'\000'\000\051}{section.4}% 11
\BOOKMARK [2][-]{subsection.4.6}{\376\377\000G\000e\000o\000g\000r\000a\000p\000h\000i\000c\000\040\000d\000i\000s\000t\000a\000n\000c\000e\000\040\000a\000s\000\040\000a\000\040\000b\000e\000t\000a\000\040\000i\000n\000p\000u\000t}{section.4}% 12
\BOOKMARK [2][-]{subsection.4.7}{\376\377\000C\000o\000m\000p\000a\000r\000i\000s\000o\000n}{section.4}% 13
\BOOKMARK [1][-]{section.5}{\376\377\000O\000p\000t\000i\000m\000i\000s\000a\000t\000i\000o\000n}{}% 14
\BOOKMARK [2][-]{subsection.5.1}{\376\377\000G\000r\000a\000d\000i\000e\000n\000t\000\040\000i\000m\000b\000a\000l\000a\000n\000c\000e\000\040\000b\000e\000t\000w\000e\000e\000n\000\040\000a\000l\000p\000h\000a\000\040\000a\000n\000d\000\040\000b\000e\000t\000a}{section.5}% 15
\BOOKMARK [2][-]{subsection.5.2}{\376\377\000T\000r\000a\000i\000n\000i\000n\000g\000\040\000m\000o\000d\000e\000s}{section.5}% 16
\BOOKMARK [3][-]{subsubsection.5.2.1}{\376\377\000J\000o\000i\000n\000t\000\040\000t\000r\000a\000i\000n\000i\000n\000g\000\040\000\050\000m\000o\000d\000e\000=\000`\000`\000j\000o\000i\000n\000t\000'\000'\000\051}{subsection.5.2}% 17
\BOOKMARK [3][-]{subsubsection.5.2.2}{\376\377\000T\000w\000o\000-\000s\000t\000a\000g\000e\000\040\000t\000r\000a\000i\000n\000i\000n\000g\000\040\000\050\000m\000o\000d\000e\000=\000`\000`\000t\000w\000o\000\137\000s\000t\000a\000g\000e\000'\000'\000\051}{subsection.5.2}% 18
\BOOKMARK [3][-]{subsubsection.5.2.3}{\376\377\000C\000y\000c\000l\000i\000c\000\040\000b\000l\000o\000c\000k\000-\000c\000o\000o\000r\000d\000i\000n\000a\000t\000e\000\040\000d\000e\000s\000c\000e\000n\000t\000\040\000\050\000m\000o\000d\000e\000=\000`\000`\000c\000y\000c\000l\000i\000c\000'\000'\000\051}{subsection.5.2}% 19
\BOOKMARK [3][-]{subsubsection.5.2.4}{\376\377\000C\000y\000c\000l\000i\000c\000\040\000+\000\040\000g\000e\000o\000g\000r\000a\000p\000h\000i\000c\000\040\000f\000i\000n\000e\000-\000t\000u\000n\000i\000n\000g\000\040\000\050\000m\000o\000d\000e\000=\000`\000`\000c\000y\000c\000l\000i\000c\000\137\000f\000i\000n\000e\000t\000u\000n\000e\000'\000'\000\051}{subsection.5.2}% 20
\BOOKMARK [2][-]{subsection.5.3}{\376\377\000H\000a\000r\000d\000-\000p\000a\000i\000r\000\040\000m\000i\000n\000i\000n\000g\000\040\000w\000i\000t\000h\000\040\000i\000m\000p\000o\000r\000t\000a\000n\000c\000e\000\040\000c\000o\000r\000r\000e\000c\000t\000i\000o\000n}{section.5}% 21
\BOOKMARK [1][-]{section.6}{\376\377\000R\000e\000l\000a\000t\000i\000o\000n\000s\000h\000i\000p\000\040\000t\000o\000\040\000T\000M\000B\000\040\000m\000o\000d\000e\000l}{}% 22
\BOOKMARK [1][-]{section.7}{\376\377\000P\000o\000s\000t\000-\000t\000r\000a\000i\000n\000i\000n\000g\000:\000\040\000d\000i\000a\000g\000n\000o\000s\000t\000i\000c\000s\000\040\000a\000n\000d\000\040\000s\000p\000a\000t\000i\000a\000l\000\040\000p\000r\000e\000d\000i\000c\000t\000i\000o\000n}{}% 23
\BOOKMARK [2][-]{subsection.7.1}{\376\377\000D\000i\000a\000g\000n\000o\000s\000t\000i\000c\000s}{section.7}% 24
\BOOKMARK [2][-]{subsection.7.2}{\376\377\000A\000l\000p\000h\000a\000\040\000s\000u\000r\000f\000a\000c\000e}{section.7}% 25
\BOOKMARK [2][-]{subsection.7.3}{\376\377\000B\000e\000t\000a\000\040\000s\000u\000r\000f\000a\000c\000e\000\040\000\050\000c\000o\000m\000m\000u\000n\000i\000t\000y\000\040\000c\000o\000m\000p\000o\000s\000i\000t\000i\000o\000n\000\040\000m\000a\000p\000\051}{section.7}% 26
\BOOKMARK [1][-]{section.8}{\376\377\000F\000u\000r\000t\000h\000e\000r\000\040\000t\000h\000o\000u\000g\000h\000t\000s}{}% 27
